<?xml version="1.0" encoding="UTF-8"?>
<!-- Generated by org.testng.reporters.JUnitReportReporter -->
<testsuite hostname="SmitaMahajan" failures="0" tests="2" name="practice.testngannotatons.CreateContactTest" time="0.008" errors="0" timestamp="2024-12-16T13:48:34 IST" skipped="0">
  <testcase classname="practice.testngannotatons.CreateContactTest" name="methodTest1" time="0.002"/>
  <testcase classname="practice.testngannotatons.CreateContactTest" name="methodTest" time="0.006"/>
</testsuite> <!-- practice.testngannotatons.CreateContactTest -->
