<?xml version="1.0" encoding="UTF-8"?>
<!-- Generated by org.testng.reporters.JUnitReportReporter -->
<testsuite hostname="SmitaMahajan" failures="0" tests="1" name="practiceDataDrivenTesting.CreateOrgUsingJsonDataTest" time="13.104" errors="0" timestamp="2024-12-10T11:46:44 IST" skipped="0">
  <testcase classname="practiceDataDrivenTesting.CreateOrgUsingJsonDataTest" name="creatOrgTest" time="13.104"/>
</testsuite> <!-- practiceDataDrivenTesting.CreateOrgUsingJsonDataTest -->
