<?xml version="1.0" encoding="UTF-8"?>
<!-- Generated by org.testng.reporters.JUnitReportReporter -->
<testsuite hostname="SmitaMahajan" failures="0" tests="1" name="practice.pom.repository.SampleTestWithPOMusingfindallannotataion" time="26.823" errors="0" timestamp="2024-12-13T14:34:37 IST" skipped="0">
  <testcase classname="practice.pom.repository.SampleTestWithPOMusingfindallannotataion" name="sampleTest" time="26.823"/>
</testsuite> <!-- practice.pom.repository.SampleTestWithPOMusingfindallannotataion -->
