<?xml version="1.0" encoding="UTF-8"?>
<!-- Generated by org.testng.reporters.JUnitReportReporter -->
<testsuite hostname="SmitaMahajan" failures="0" tests="3" name="practice.testng.SampleReportTest" time="0.019" errors="0" timestamp="2024-12-24T09:35:06 IST" skipped="0">
  <testcase classname="practice.testng.SampleReportTest" name="createContactWithOrgTest" time="0.002"/>
  <testcase classname="practice.testng.SampleReportTest" name="createContactTest" time="0.015"/>
  <testcase classname="practice.testng.SampleReportTest" name="createContactWithPhoneNumberTest" time="0.002"/>
</testsuite> <!-- practice.testng.SampleReportTest -->
