<?xml version="1.0" encoding="UTF-8"?>
<!-- Generated by org.testng.reporters.JUnitReportReporter -->
<testsuite hostname="SmitaMahajan" failures="0" tests="3" name="practice.testng.CreateContact_Using_DataProvider_Test" time="0.013" errors="0" timestamp="2024-12-14T14:07:12 IST" skipped="0">
  <testcase classname="practice.testng.CreateContact_Using_DataProvider_Test" name="CreateContactTest" time="0.009"/>
  <testcase classname="practice.testng.CreateContact_Using_DataProvider_Test" name="CreateContactTest" time="0.001"/>
  <testcase classname="practice.testng.CreateContact_Using_DataProvider_Test" name="CreateContactTest" time="0.003"/>
</testsuite> <!-- practice.testng.CreateContact_Using_DataProvider_Test -->
