<?xml version="1.0" encoding="UTF-8"?>
<!-- Generated by org.testng.reporters.JUnitReportReporter -->
<testsuite hostname="SmitaMahajan" failures="0" tests="1" name="practice.pom.repository.SampleTestWithPOM" time="4.485" errors="0" timestamp="2024-12-13T09:46:30 IST" skipped="0">
  <testcase classname="practice.pom.repository.SampleTestWithPOM" name="sampleTest" time="4.485"/>
</testsuite> <!-- practice.pom.repository.SampleTestWithPOM -->
