<?xml version="1.0" encoding="UTF-8"?>
<!-- Generated by org.testng.reporters.JUnitReportReporter -->
<testsuite hostname="SmitaMahajan" failures="0" tests="2" name="com.practice.baseclasswithconfigannotation.CreateOrgTest" time="0.005" errors="0" timestamp="2024-12-16T14:54:27 IST" skipped="0">
  <testcase classname="com.practice.baseclasswithconfigannotation.CreateOrgTest" name="createOrg" time="0.002"/>
  <testcase classname="com.practice.baseclasswithconfigannotation.CreateOrgTest" name="createOrgWithIndustry" time="0.003"/>
</testsuite> <!-- com.practice.baseclasswithconfigannotation.CreateOrgTest -->
