<?xml version="1.0" encoding="UTF-8"?>
<!-- Generated by org.testng.reporters.JUnitReportReporter -->
<testsuite hostname="SmitaMahajan" failures="0" tests="1" name="practiceDataDrivenTesting.CreateOrgUsingXmlDataTest" time="21.490" errors="0" timestamp="2024-12-10T14:01:09 IST" skipped="0">
  <testcase classname="practiceDataDrivenTesting.CreateOrgUsingXmlDataTest" name="creatOrgTest" time="21.490"/>
</testsuite> <!-- practiceDataDrivenTesting.CreateOrgUsingXmlDataTest -->
