<?xml version="1.0" encoding="UTF-8"?>
<!-- Generated by org.testng.reporters.JUnitReportReporter -->
<testsuite hostname="SmitaMahajan" failures="0" tests="1" name="practiceDataDrivenTesting.ReadDataFromTestNGXmlTest" time="0.013" errors="0" timestamp="2024-12-10T12:51:23 IST" skipped="0">
  <testcase classname="practiceDataDrivenTesting.ReadDataFromTestNGXmlTest" name="sampleTest" time="0.013"/>
</testsuite> <!-- practiceDataDrivenTesting.ReadDataFromTestNGXmlTest -->
