<?xml version="1.0" encoding="UTF-8"?>
<!-- Generated by org.testng.reporters.JUnitReportReporter -->
<testsuite hostname="SmitaMahajan" failures="0" tests="2" name="com.practice.baseclasswithconfigannotation.CreateContactTest" time="0.011" errors="0" timestamp="2024-12-16T14:54:27 IST" skipped="0">
  <testcase classname="com.practice.baseclasswithconfigannotation.CreateContactTest" name="createContact" time="0.009"/>
  <testcase classname="com.practice.baseclasswithconfigannotation.CreateContactTest" name="createContactWithDate" time="0.002"/>
</testsuite> <!-- com.practice.baseclasswithconfigannotation.CreateContactTest -->
