<?xml version="1.0" encoding="UTF-8"?>
<!-- Generated by org.testng.reporters.JUnitReportReporter -->
<testsuite hostname="SmitaMahajan" failures="0" tests="1" name="practice.testng.SampleTestForScreenShot" time="4.085" errors="0" timestamp="2024-12-19T11:56:14 IST" skipped="0">
  <testcase classname="practice.testng.SampleTestForScreenShot" name="amazonTest" time="4.085"/>
</testsuite> <!-- practice.testng.SampleTestForScreenShot -->
