<?xml version="1.0" encoding="UTF-8"?>
<!-- Generated by org.testng.reporters.JUnitReportReporter -->
<testsuite hostname="SmitaMahajan" failures="0" tests="3" name="practice.testng.ContactTest" time="0.021" errors="0" timestamp="2024-12-14T11:42:31 IST" skipped="0">
  <testcase classname="practice.testng.ContactTest" name="modifyContact" time="0.002"/>
  <testcase classname="practice.testng.ContactTest" name="createContact" time="0.018"/>
  <testcase classname="practice.testng.ContactTest" name="deleteContact" time="0.001"/>
</testsuite> <!-- practice.testng.ContactTest -->
