<?xml version="1.0" encoding="UTF-8"?>
<!-- Generated by org.testng.reporters.JUnitReportReporter -->
<testsuite hostname="SmitaMahajan" failures="0" tests="2" name="practice.assertion_home_test.HomePageSamplewithHardAssertTest" time="0.025" errors="0" timestamp="2024-12-19T09:09:25 IST" skipped="0">
  <testcase classname="practice.assertion_home_test.HomePageSamplewithHardAssertTest" name="homePageTest" time="0.023"/>
  <testcase classname="practice.assertion_home_test.HomePageSamplewithHardAssertTest" name="verifyLogoHomePageTest" time="0.002"/>
</testsuite> <!-- practice.assertion_home_test.HomePageSamplewithHardAssertTest -->
