<?xml version="1.0" encoding="UTF-8"?>
<!-- Generated by org.testng.reporters.JUnitReportReporter -->
<testsuite hostname="SmitaMahajan" failures="0" tests="1" name="practiceDataDrivenTesting.CreateOrgTest1" time="20.657" errors="0" timestamp="2024-12-10T09:21:53 IST" skipped="0">
  <testcase classname="practiceDataDrivenTesting.CreateOrgTest1" name="creatOrgTest" time="20.657"/>
</testsuite> <!-- practiceDataDrivenTesting.CreateOrgTest1 -->
